
2020/10/04 18:09:50 /Users/xcz/go/src/xcz/gdm/main.go:39: VerifyUrl is success, downloading will begin in a moment

2020/10/04 21:39:47 /Users/xcz/go/src/xcz/gdm/main.go:39: VerifyUrl is success, downloading will begin in a moment

2020/10/04 21:40:39 /Users/xcz/go/src/xcz/gdm/main.go:39: VerifyUrl is success, downloading will begin in a moment

2020/10/04 21:57:00 /Users/xcz/go/src/xcz/gdm/main.go:39: VerifyUrl is success, downloading will begin in a moment

2020/10/04 21:57:42 /Users/xcz/go/src/xcz/gdm/main.go:39: VerifyUrl is success, downloading will begin in a moment

2020/10/04 21:58:38 /Users/xcz/go/src/xcz/gdm/main.go:39: VerifyUrl is success, downloading will begin in a moment

2020/10/04 22:02:56 /Users/xcz/go/src/xcz/gdm/main.go:39: VerifyUrl is success, downloading will begin in a moment

2020/10/04 22:07:08 /Users/xcz/go/src/xcz/gdm/main.go:39: VerifyUrl is success, downloading will begin in a moment

2020/10/04 22:13:32 /Users/xcz/go/src/xcz/gdm/main.go:39: VerifyUrl is success, downloading will begin in a moment

2020/10/04 22:23:12 /Users/xcz/go/src/xcz/gdm/main.go:39: VerifyUrl is success, downloading will begin in a moment

2020/10/04 22:25:53 /Users/xcz/go/src/xcz/gdm/main.go:39: VerifyUrl is success, downloading will begin in a moment

2020/10/04 22:26:20 /Users/xcz/go/src/xcz/gdm/main.go:39: VerifyUrl is success, downloading will begin in a moment

2020/10/04 22:26:35 /Users/xcz/go/src/xcz/gdm/main.go:39: VerifyUrl is success, downloading will begin in a moment

2020/10/04 22:26:47 /Users/xcz/go/src/xcz/gdm/main.go:39: VerifyUrl is success, downloading will begin in a moment

2020/10/04 22:33:27 /Users/xcz/go/src/xcz/gdm/http/download.go:77: [downLoadBySingleThread] http connection fail, errro info:  Get http://wppkg.baidupcs.com/issue/netdisk/yunguanjia/BaiduYunGuanjia_7.0.1.1.exe: dial tcp 42.81.84.36:80: i/o timeout  and retryCount is  5

2020/10/04 22:33:27 /Users/xcz/go/src/xcz/gdm/http/download.go:79: sorry, [downLoadBySingleThread] retry count exceeds our retry value, then our program will exit

2020/10/04 22:34:02 /Users/xcz/go/src/xcz/gdm/main.go:39: VerifyUrl is success, downloading will begin in a moment

2020/10/04 22:39:21 /Users/xcz/go/src/xcz/gdm/main.go:38: VerifyUrl is success, downloading will begin in a moment

2020/10/04 22:39:43 /Users/xcz/go/src/xcz/gdm/main.go:38: VerifyUrl is success, downloading will begin in a moment

2020/10/04 22:40:39 /Users/xcz/go/src/xcz/gdm/main.go:38: VerifyUrl is success, downloading will begin in a moment

2020/10/04 22:44:22 /Users/xcz/go/src/xcz/gdm/main.go:38: VerifyUrl is success, downloading will begin in a moment

2020/10/04 22:44:22 /Users/xcz/go/src/xcz/gdm/http/thread_assign_merge.go:81: generateTempFileNames fail

2020/10/04 22:45:11 /Users/xcz/go/src/xcz/gdm/main.go:38: VerifyUrl is success, downloading will begin in a moment

2020/10/04 22:45:11 /Users/xcz/go/src/xcz/gdm/http/thread_assign_merge.go:82: generateTempFileNames fail

2020/10/04 22:49:38 /Users/xcz/go/src/xcz/gdm/main.go:38: VerifyUrl is success, downloading will begin in a moment

2020/10/04 22:49:38 /Users/xcz/go/src/xcz/gdm/http/thread_assign_merge.go:82: generateTempFileNames fail

2020/10/04 22:51:19 /Users/xcz/go/src/xcz/gdm/main.go:38: VerifyUrl is success, downloading will begin in a moment

2020/10/04 22:51:19 /Users/xcz/go/src/xcz/gdm/http/thread_assign_merge.go:81: generateTempFileNames fail

2020/10/04 22:51:57 /Users/xcz/go/src/xcz/gdm/main.go:38: VerifyUrl is success, downloading will begin in a moment

2020/10/04 22:51:57 /Users/xcz/go/src/xcz/gdm/http/thread_assign_merge.go:82: generateTempFileNames fail

2020/10/04 22:53:15 /Users/xcz/go/src/xcz/gdm/main.go:38: VerifyUrl is success, downloading will begin in a moment

2020/10/04 22:53:15 /Users/xcz/go/src/xcz/gdm/http/thread_assign_merge.go:82: generateTempFileNames fail

2020/10/04 22:55:45 /Users/xcz/go/src/xcz/gdm/main.go:38: VerifyUrl is success, downloading will begin in a moment

2020/10/04 22:55:45 /Users/xcz/go/src/xcz/gdm/http/thread_assign_merge.go:82: generateTempFileNames fail

2020/10/04 22:57:20 /Users/xcz/go/src/xcz/gdm/main.go:38: VerifyUrl is success, downloading will begin in a moment

2020/10/04 23:02:21 /Users/xcz/go/src/xcz/gdm/main.go:38: VerifyUrl is success, downloading will begin in a moment

2020/10/04 23:02:21 /Users/xcz/go/src/xcz/gdm/http/download.go:154: [showDownloadProgressBar].Stat encounter some errors:  stat /Users/xcz/Downloads/gdm_temp02757030dfb96c1d353729ed4e056dce: no such file or directory

2020/10/04 23:02:21 /Users/xcz/go/src/xcz/gdm/http/download.go:157: [showDownloadProgressBar].Stat encounter some errors:  stat /Users/xcz/Downloads/gdm_temp02757030dfb96c1d353729ed4e056dce: no such file or directory

2020/10/04 23:03:37 /Users/xcz/go/src/xcz/gdm/main.go:38: VerifyUrl is success, downloading will begin in a moment

2020/10/04 23:08:03 /Users/xcz/go/src/xcz/gdm/main.go:38: VerifyUrl is success, downloading will begin in a moment

2020/10/04 23:08:10 /Users/xcz/go/src/xcz/gdm/http/download.go:147: success! download completely

2020/10/04 23:20:18 /Users/xcz/go/src/xcz/gdm/main.go:38: VerifyUrl is success, downloading will begin in a moment

2020/10/04 23:20:48 /Users/xcz/go/src/xcz/gdm/http/download.go:84: [downLoadBySingleThread] http connection fail, errro info:  Get http://wppkg.baidupcs.com/issue/netdisk/yunguanjia/BaiduYunGuanjia_7.0.1.1.exe: dial tcp 42.81.84.36:80: i/o timeout  and retryCount is  0

2020/10/04 23:20:50 /Users/xcz/go/src/xcz/gdm/http/download.go:147: success! download completely

2020/10/04 23:23:00 /Users/xcz/go/src/xcz/gdm/main.go:38: VerifyUrl is success, downloading will begin in a moment

2020/10/04 23:23:30 /Users/xcz/go/src/xcz/gdm/http/download.go:84: [downLoadBySingleThread] http connection fail, errro info:  Get http://wppkg.baidupcs.com/issue/netdisk/yunguanjia/BaiduYunGuanjia_7.0.1.1.exe: dial tcp 42.81.84.36:80: i/o timeout  and retryCount is  0

2020/10/04 23:23:31 /Users/xcz/go/src/xcz/gdm/http/download.go:147: success! download completely

2020/10/04 23:23:54 /Users/xcz/go/src/xcz/gdm/main.go:38: VerifyUrl is success, downloading will begin in a moment

2020/10/04 23:24:13 /Users/xcz/go/src/xcz/gdm/http/download.go:147: success! download completely

2020/10/04 23:24:40 /Users/xcz/go/src/xcz/gdm/main.go:38: VerifyUrl is success, downloading will begin in a moment

2020/10/04 23:25:20 /Users/xcz/go/src/xcz/gdm/http/download.go:147: success! download completely
